Check global input consistency...
Done.
- Finished with read_parameters.
  Reading topology file: /home/charmm-gui/local/GalaxyFill/data/topology_charmm22ph.in
  Reading topology file: /home/charmm-gui/local/GalaxyFill/data/topology_charmm22ph_nt.in
  Reading topology file: /home/charmm-gui/local/GalaxyFill/data/topology_charmm22ph_ct.in
- Finished with read_topology_geo.
  Reading topology file: /home/charmm-gui/local/GalaxyFill/data/topology_eng_charmm22ph.in
  Num_ref_res =    77
- Finished with read_topology_eng.
- Rotamer setup
  Reading rotamer library file  /home/charmm-gui/local/GalaxyFill/data/bbdep02.May.sortlib
  Total number of rotamers in rot lib file      466829
  Reading infile_chi_def file  /home/charmm-gui/local/GalaxyFill/data/def_chi.in
  Random seed =     615005
Task: local_optimize
 - local_optimize_relax: no
 - local_optimize_sidechain: no
============================================================
  Reading sequence from pdb file: 5t6p_prob.orig_init.pdb
  Reading pdb file: 5t6p_prob.orig_init.pdb
- Add missing atoms activated.
  Number of added heavy atoms =     0
  Total number of added atoms =     0
  n_unplaced =     0
- Fix type "all" activated: All atoms except ULR/USC are fixed.
- Energy: MM energy activated.
- Add missing atoms activated.
  Number of added heavy atoms =     0
  Total number of added atoms =     0
  n_unplaced =     0
Before optimization, 5t6p_prob.orig_init.pdb ENERGY.0       8217.344
Before optimization, 5t6p_prob.orig_init.pdb ENERGY.1       8217.344        0.000        0.000
Before optimization, 5t6p_prob.orig_init.pdb ENERGY.2.0     30.496    418.799    107.051    161.276   7499.722      0.000      0.000      0.000      0.000      0.000      0.000      0.000      0.000      0.000      0.000      0.000      0.000      0.000      0.000      0.000
After  optimization, 5t6p_prob.orig_init.pdb ENERGY.0         18.379
After  optimization, 5t6p_prob.orig_init.pdb ENERGY.1         18.379        0.000        0.000
After  optimization, 5t6p_prob.orig_init.pdb ENERGY.2.0      2.172     17.809     39.290      1.894    -42.786      0.000      0.000      0.000      0.000      0.000      0.000      0.000      0.000      0.000      0.000      0.000      0.000      0.000      0.000      0.000
------------------------------------------------------------
Total User Time =      5.981 sec
           0 dy  0 hr  0 min  5.981 sec
------------------------------------------------------------
